<?xml version="1.0" encoding="UTF-8"?>
<robot generator="Robot 5.0.1 (Python 3.9.13 on linux)" generated="20230214 16:44:41.153" rpa="true" schemaversion="3">
<suite id="s1" name="Tasks" source="/home/robot/koodi/testground/docx-to-pdf/tasks.robot">
<test id="s1-t1" name="Minimal task" line="7">
<kw name="Run" library="OperatingSystem">
<arg>./unoconv -f pdf test.docx</arg>
<doc>Runs the given command in the system and returns the output.</doc>
<msg timestamp="20230214 16:44:41.181" level="INFO">Running command './unoconv -f pdf test.docx 2&gt;&amp;1'.</msg>
<status status="PASS" starttime="20230214 16:44:41.179" endtime="20230214 16:44:41.552"/>
</kw>
<kw name="Log" library="BuiltIn">
<arg>Done.</arg>
<doc>Logs the given message with the given level.</doc>
<msg timestamp="20230214 16:44:41.553" level="INFO">Done.</msg>
<status status="PASS" starttime="20230214 16:44:41.553" endtime="20230214 16:44:41.553"/>
</kw>
<status status="PASS" starttime="20230214 16:44:41.178" endtime="20230214 16:44:41.553"/>
</test>
<doc>Template robot main suite.</doc>
<status status="PASS" starttime="20230214 16:44:41.154" endtime="20230214 16:44:41.554"/>
</suite>
<statistics>
<total>
<stat pass="1" fail="0" skip="0">All Tasks</stat>
</total>
<tag>
</tag>
<suite>
<stat pass="1" fail="0" skip="0" id="s1" name="Tasks">Tasks</stat>
</suite>
</statistics>
<errors>
</errors>
</robot>
